<?xml version="1.0" encoding="UTF-8" ?>
<templates xml:space="preserve">
  <t t-name="mes-bom-ui.test-navbar" owl="1">
    <div class="vh-100 border border-success">
      <Navbar />
    </div>
  </t>
</templates>